<?xml version="1.0" encoding="UTF-8"?>
<!-- Generated by org.testng.reporters.JUnitXMLReporter -->
<testsuite hostname="RamuNimmana-PC" ignored="8" name="Selenium Easy Test Site Test Cases" tests="10" failures="4" timestamp="24 May 2020 15:19:51 GMT" time="4.534" errors="0">
  <testcase name="seleniumEasyLogoTest" time="0.116" classname="com.qa.testcases.HomePageTests"/>
  <testcase name="navigateToinputElementsPageTest" time="1.008" classname="com.qa.testcases.InputElementsPageTests"/>
  <testcase name="datePickersPageTitleTest" time="1.381" classname="com.qa.testcases.DatePickersPageTests"/>
  <testcase name="dummyOne_FailTest" time="0.002" classname="com.qa.testcases.DummyTestClass1">
    <failure type="java.lang.AssertionError" message="Failed">
      <![CDATA[java.lang.AssertionError: Failed
at com.qa.testcases.DummyTestClass1.dummyOne_FailTest(DummyTestClass1.java:16)
... Removed 26 stack frames]]>
    </failure>
  </testcase> <!-- dummyOne_FailTest -->
  <testcase name="dummyTwo_FailTest" time="0.003" classname="com.qa.testcases.DummyTestClass2">
    <failure type="java.lang.AssertionError" message="Failed">
      <![CDATA[java.lang.AssertionError: Failed
at com.qa.testcases.DummyTestClass2.dummyTwo_FailTest(DummyTestClass2.java:16)
... Removed 26 stack frames]]>
    </failure>
  </testcase> <!-- dummyTwo_FailTest -->
  <testcase name="homePageTitleTest" time="0.018" classname="com.qa.testcases.HomePageTests">
    <failure type="java.lang.AssertionError" message="Home Page title is not matched expected [Selenium Easy - Best Demo website for Bootstrap Date picker] but found [Selenium Easy - Best Demo website to practice Selenium Webdriver Online]">
      <![CDATA[java.lang.AssertionError: Home Page title is not matched expected [Selenium Easy - Best Demo website for Bootstrap Date picker] but found [Selenium Easy - Best Demo website to practice Selenium Webdriver Online]
at com.qa.testcases.HomePageTests.homePageTitleTest(HomePageTests.java:23)
... Removed 30 stack frames]]>
    </failure>
  </testcase> <!-- homePageTitleTest -->
  <testcase name="inputElementsPageTitleTest" time="0.013" classname="com.qa.testcases.InputElementsPageTests">
    <failure type="java.lang.AssertionError" message="expected [Selenium Easy - Best Demo website for Bootstrap Date picker] but found [Selenium Easy Demo - Simple Form to Automate using Selenium]">
      <![CDATA[java.lang.AssertionError: expected [Selenium Easy - Best Demo website for Bootstrap Date picker] but found [Selenium Easy Demo - Simple Form to Automate using Selenium]
at com.qa.testcases.InputElementsPageTests.inputElementsPageTitleTest(InputElementsPageTests.java:30)
... Removed 31 stack frames]]>
    </failure>
  </testcase> <!-- inputElementsPageTitleTest -->
  <testcase name="seleniumEasyLogoTest" time="0.095" classname="com.qa.testcases.DatePickersPageTests"/>
  <testcase name="dummyOne_PassTest" time="0.019" classname="com.qa.testcases.DummyTestClass1"/>
  <testcase name="dummyTwo_PassTest" time="0.001" classname="com.qa.testcases.DummyTestClass2"/>
  <testcase name="@BeforeSuite setUp" time="0.0" classname="com.qa.base.TestBase">
    <ignored/>
  </testcase> <!-- @BeforeSuite setUp -->
  <testcase name="@BeforeSuite setUp" time="0.0" classname="com.qa.base.TestBase">
    <ignored/>
  </testcase> <!-- @BeforeSuite setUp -->
  <testcase name="@BeforeSuite setUp" time="0.0" classname="com.qa.base.TestBase">
    <ignored/>
  </testcase> <!-- @BeforeSuite setUp -->
  <testcase name="@BeforeSuite setUp" time="0.0" classname="com.qa.base.TestBase">
    <ignored/>
  </testcase> <!-- @BeforeSuite setUp -->
  <testcase name="@AfterSuite tearDown" time="0.0" classname="com.qa.base.TestBase">
    <ignored/>
  </testcase> <!-- @AfterSuite tearDown -->
  <testcase name="@AfterSuite tearDown" time="0.0" classname="com.qa.base.TestBase">
    <ignored/>
  </testcase> <!-- @AfterSuite tearDown -->
  <testcase name="@AfterSuite tearDown" time="0.0" classname="com.qa.base.TestBase">
    <ignored/>
  </testcase> <!-- @AfterSuite tearDown -->
  <testcase name="@AfterSuite tearDown" time="0.0" classname="com.qa.base.TestBase">
    <ignored/>
  </testcase> <!-- @AfterSuite tearDown -->
</testsuite> <!-- Selenium Easy Test Site Test Cases -->
